{
  "stats": {
    "suites": 1,
    "tests": 2,
    "passes": 1,
    "pending": 0,
    "failures": 1,
    "start": "2025-03-23T14:21:10.234Z",
    "end": "2025-03-23T14:21:17.836Z",
    "duration": 7602,
    "testsRegistered": 2,
    "passPercent": 50,
    "pendingPercent": 0,
    "other": 0,
    "hasOther": false,
    "skipped": 0,
    "hasSkipped": false
  },
  "results": [
    {
      "uuid": "79b860f1-1e45-451e-b46e-9e34a0547f76",
      "title": "",
      "fullFile": "cypress\\e2e\\productPage.cy.js",
      "file": "cypress\\e2e\\productPage.cy.js",
      "beforeHooks": [],
      "afterHooks": [],
      "tests": [],
      "suites": [
        {
          "uuid": "6f2cb000-8295-4708-8996-228bf8ed141d",
          "title": "Loginin page of saucedemo website and adds a item to cart",
          "fullFile": "",
          "file": "",
          "beforeHooks": [],
          "afterHooks": [],
          "tests": [
            {
              "title": "adds product to cart",
              "fullTitle": "Loginin page of saucedemo website and adds a item to cart adds product to cart",
              "timedOut": null,
              "duration": 1681,
              "state": "passed",
              "speed": "fast",
              "pass": true,
              "fail": false,
              "pending": false,
              "context": null,
              "code": "cy.visit('/');\ncy.UserLoginSuccessful();\ncy.AddItemToCart();",
              "err": {},
              "uuid": "28802772-b7c7-48a8-b96e-4e210061a89d",
              "parentUUID": "6f2cb000-8295-4708-8996-228bf8ed141d",
              "isHook": false,
              "skipped": false
            },
            {
              "title": "Does not add item to cart",
              "fullTitle": "Loginin page of saucedemo website and adds a item to cart Does not add item to cart",
              "timedOut": null,
              "duration": 5855,
              "state": "failed",
              "speed": null,
              "pass": false,
              "fail": true,
              "pending": false,
              "context": "{\n  \"title\": \"cypress-mochawesome-reporter-screenshots\",\n  \"value\": [\n    [\n      \"\\\\productPage.cy.js\\\\Loginin page of saucedemo website and adds a item to cart -- Does not add item to cart (failed).png\"\n    ]\n  ]\n}",
              "code": "cy.visit('/');\ncy.faultyUserLogin();\ncy.AddItemToCart();\ncy.VerifyItemInCart();",
              "err": {
                "message": "AssertionError: Timed out retrying after 4000ms: Expected to find element: `#item_1_title_link div[class='inventory_item_name']`, but never found it.",
                "estack": "AssertionError: Timed out retrying after 4000ms: Expected to find element: `#item_1_title_link div[class='inventory_item_name']`, but never found it.\n    at Context.eval (webpack://emi-assessment/./cypress/pageObjects/cartPageObject.js:31:17)\n    at getRet (https://www.saucedemo.com/__cypress/runner/cypress_runner.js:118349:20)\n    at tryCatcher (https://www.saucedemo.com/__cypress/runner/cypress_runner.js:1777:23)\n    at Promise.attempt.Promise.try (https://www.saucedemo.com/__cypress/runner/cypress_runner.js:4285:29)\n    at Context.thenFn (https://www.saucedemo.com/__cypress/runner/cypress_runner.js:118360:66)\n    at Context.then (https://www.saucedemo.com/__cypress/runner/cypress_runner.js:118611:21)\n    at wrapped (https://www.saucedemo.com/__cypress/runner/cypress_runner.js:138862:19)",
                "diff": null
              },
              "uuid": "40879fc1-33f9-4535-bd4b-febdaa421ad6",
              "parentUUID": "6f2cb000-8295-4708-8996-228bf8ed141d",
              "isHook": false,
              "skipped": false
            }
          ],
          "suites": [],
          "passes": [
            "28802772-b7c7-48a8-b96e-4e210061a89d"
          ],
          "failures": [
            "40879fc1-33f9-4535-bd4b-febdaa421ad6"
          ],
          "pending": [],
          "skipped": [],
          "duration": 7536,
          "root": false,
          "rootEmpty": false,
          "_timeout": 2000
        }
      ],
      "passes": [],
      "failures": [],
      "pending": [],
      "skipped": [],
      "duration": 0,
      "root": true,
      "rootEmpty": true,
      "_timeout": 2000
    }
  ],
  "meta": {
    "mocha": {
      "version": "7.0.1"
    },
    "mochawesome": {
      "options": {
        "quiet": false,
        "reportFilename": "mochawesome",
        "saveHtml": true,
        "saveJson": true,
        "consoleReporter": "spec",
        "useInlineDiffs": false,
        "code": true
      },
      "version": "7.1.3"
    },
    "marge": {
      "options": {
        "charts": true,
        "reportPageTitle": "SauceDeomReport",
        "embeddedScreenshots": true,
        "inlineAssets": true,
        "saveAllAttempts": false
      },
      "version": "6.2.0"
    }
  }
}